{"name":"Existencia del repositorio","id":"automatizar-la-auditoria-de-un-analista;existencia-del-repositorio","testSteps":[{"number":1,"description":"Given que el lider ingresa en VSTS\r\n| usuario | contrasena |\r\n| yearias@bancolombia.com.co | ZXCVBzxcvb2846* |","duration":54229,"startTime":"2020-07-21T08:06:43.436-05:00[America/Bogota]","screenshots":[{"screenshot":"d2bf61a0d5ebe652931a18b686893c9de0830b18696b7c3bfbbe50b26090ca17.png"}],"result":"SUCCESS","precondition":false,"children":[{"number":2,"description":"lider opens the Vsts page","duration":44716,"startTime":"2020-07-21T08:06:44.292-05:00[America/Bogota]","screenshots":[{"screenshot":"5bf0199de98ae56d3e0735064e65a625e23090188fabf47ede43c284b270c4d0.png"}],"result":"SUCCESS","precondition":false},{"number":3,"description":"lider enters \u0027yearias@bancolombia.com.co\u0027 into Usuario","duration":2266,"startTime":"2020-07-21T08:07:29.166-05:00[America/Bogota]","screenshots":[{"screenshot":"31d3a825a23d0e714bdbdef7686e56ef2a879ee6cadbd8e859a01acad80917b5.png"}],"result":"SUCCESS","precondition":false},{"number":4,"description":"lider clicks on Boton siguiente","duration":553,"startTime":"2020-07-21T08:07:31.434-05:00[America/Bogota]","screenshots":[{"screenshot":"76fc82c6d740476540c7ef6660742bcd8bfd8a623937f762eaa5dbeb72220194.png"}],"result":"SUCCESS","precondition":false},{"number":5,"description":"lider enters \u0027ZXCVBzxcvb2846*\u0027 into Contrase√±a","duration":744,"startTime":"2020-07-21T08:07:33.537-05:00[America/Bogota]","screenshots":[{"screenshot":"6ce9ad808a93175954ad1ca4e6b5c01000f3fb3c654123cccf616a721c1fd7b8.png"}],"result":"SUCCESS","precondition":false},{"number":6,"description":"lider clicks on Iniciar sesion","duration":1713,"startTime":"2020-07-21T08:07:34.282-05:00[America/Bogota]","screenshots":[{"screenshot":"82eb5aee0c90b8b8f3721c3943d7c514ff0332c39021e3bbcde11d0645442091.png"}],"result":"SUCCESS","precondition":false},{"number":7,"description":"lider clicks on boton para no volver a mostrar ventana","duration":996,"startTime":"2020-07-21T08:07:36.271-05:00[America/Bogota]","screenshots":[{"screenshot":"84837859b865d55b440d0fcac7e100a6fcc9cf7c7354e693b9146311b9f07922.png"}],"result":"SUCCESS","precondition":false}]},{"number":8,"description":"When busca el repositorio NU0005001_ContenedorDeAplicaciones_Test","duration":10822,"startTime":"2020-07-21T08:07:37.665-05:00[America/Bogota]","exception":{"errorType":"net.thucydides.core.webdriver.exceptions.ElementShouldBeEnabledException","message":"The following error occurred: Expected enabled element was not enabled","stackTrace":[{"declaringClass":"co.com.test.tasks.Busca","methodName":"performAs","fileName":"Busca.java","lineNumber":30},{"declaringClass":"co.com.test.stepdefinitions.AuditoriaStepDefinitions","methodName":"buscaElRepositorio","fileName":"AuditoriaStepDefinitions.java","lineNumber":29},{"declaringClass":"cucumber.runner.Runner","methodName":"runPickle","fileName":"Runner.java","lineNumber":80}],"rootCause":{"errorType":"org.openqa.selenium.TimeoutException","message":"Expected condition failed: waiting for By.cssSelector: .project-link to be enabled (tried for 5 second(s) with 100 milliseconds interval)","stackTrace":[{"declaringClass":"co.com.test.tasks.Busca","methodName":"performAs","fileName":"Busca.java","lineNumber":30},{"declaringClass":"co.com.test.stepdefinitions.AuditoriaStepDefinitions","methodName":"buscaElRepositorio","fileName":"AuditoriaStepDefinitions.java","lineNumber":29},{"declaringClass":"cucumber.runner.Runner","methodName":"runPickle","fileName":"Runner.java","lineNumber":80}],"rootCause":{"errorType":"org.openqa.selenium.NoSuchElementException","message":"no such element: Unable to locate element: {\"method\":\"css selector\",\"selector\":\".project-link\"}\n  (Session info: chrome\u003d83.0.4103.106)\nFor documentation on this error, please visit: http://seleniumhq.org/exceptions/no_such_element.html\nBuild info: version: \u00273.11.0\u0027, revision: \u0027e59cfb3\u0027, time: \u00272018-03-11T20:26:55.152Z\u0027\nSystem info: host: \u0027CHMEPPF0G82H8\u0027, ip: \u0027192.168.1.9\u0027, os.name: \u0027Windows 10\u0027, os.arch: \u0027amd64\u0027, os.version: \u002710.0\u0027, java.version: \u00271.8.0_211\u0027\nDriver info: org.openqa.selenium.remote.RemoteWebDriver\nCapabilities {acceptInsecureCerts: false, browserName: chrome, browserVersion: 83.0.4103.106, chrome: {chromedriverVersion: 83.0.4103.14 (be04594a2b841..., userDataDir: C:\\Users\\SLONDO~1\\AppData\\L...}, goog:chromeOptions: {debuggerAddress: localhost:54077}, javascriptEnabled: true, networkConnectionEnabled: false, pageLoadStrategy: normal, platform: WINDOWS, platformName: WINDOWS, proxy: Proxy(), setWindowRect: true, strictFileInteractability: false, timeouts: {implicit: 0, pageLoad: 300000, script: 30000}, unhandledPromptBehavior: dismiss and notify, webauthn:virtualAuthenticators: true}\nSession ID: 9337613f7de81bf2d8e3aaaadbd3c9e2\n*** Element info: {Using\u003dcss selector, value\u003d.project-link}","stackTrace":[{"declaringClass":"co.com.test.tasks.Busca","methodName":"performAs","fileName":"Busca.java","lineNumber":30},{"declaringClass":"co.com.test.stepdefinitions.AuditoriaStepDefinitions","methodName":"buscaElRepositorio","fileName":"AuditoriaStepDefinitions.java","lineNumber":29},{"declaringClass":"cucumber.runner.Runner","methodName":"runPickle","fileName":"Runner.java","lineNumber":80}]}}},"result":"FAILURE","precondition":false,"children":[{"number":9,"description":"lider clicks on Vicepresidencia","duration":10780,"startTime":"2020-07-21T08:07:37.700-05:00[America/Bogota]","screenshots":[{"screenshot":"f1dfc7944d8ca93de3bac3d835d482f55e39c7392053bf7da63abe57f17fc66a.png","htmlSource":"pagesource2256812171619186439.html.txt"}],"exception":{"errorType":"net.thucydides.core.webdriver.exceptions.ElementShouldBeEnabledException","message":"The following error occurred: Expected enabled element was not enabled","stackTrace":[{"declaringClass":"co.com.test.tasks.Busca","methodName":"performAs","fileName":"Busca.java","lineNumber":30},{"declaringClass":"co.com.test.stepdefinitions.AuditoriaStepDefinitions","methodName":"buscaElRepositorio","fileName":"AuditoriaStepDefinitions.java","lineNumber":29},{"declaringClass":"cucumber.runner.Runner","methodName":"runPickle","fileName":"Runner.java","lineNumber":80}],"rootCause":{"errorType":"org.openqa.selenium.TimeoutException","message":"Expected condition failed: waiting for By.cssSelector: .project-link to be enabled (tried for 5 second(s) with 100 milliseconds interval)","stackTrace":[{"declaringClass":"co.com.test.tasks.Busca","methodName":"performAs","fileName":"Busca.java","lineNumber":30},{"declaringClass":"co.com.test.stepdefinitions.AuditoriaStepDefinitions","methodName":"buscaElRepositorio","fileName":"AuditoriaStepDefinitions.java","lineNumber":29},{"declaringClass":"cucumber.runner.Runner","methodName":"runPickle","fileName":"Runner.java","lineNumber":80}],"rootCause":{"errorType":"org.openqa.selenium.NoSuchElementException","message":"no such element: Unable to locate element: {\"method\":\"css selector\",\"selector\":\".project-link\"}\n  (Session info: chrome\u003d83.0.4103.106)\nFor documentation on this error, please visit: http://seleniumhq.org/exceptions/no_such_element.html\nBuild info: version: \u00273.11.0\u0027, revision: \u0027e59cfb3\u0027, time: \u00272018-03-11T20:26:55.152Z\u0027\nSystem info: host: \u0027CHMEPPF0G82H8\u0027, ip: \u0027192.168.1.9\u0027, os.name: \u0027Windows 10\u0027, os.arch: \u0027amd64\u0027, os.version: \u002710.0\u0027, java.version: \u00271.8.0_211\u0027\nDriver info: org.openqa.selenium.remote.RemoteWebDriver\nCapabilities {acceptInsecureCerts: false, browserName: chrome, browserVersion: 83.0.4103.106, chrome: {chromedriverVersion: 83.0.4103.14 (be04594a2b841..., userDataDir: C:\\Users\\SLONDO~1\\AppData\\L...}, goog:chromeOptions: {debuggerAddress: localhost:54077}, javascriptEnabled: true, networkConnectionEnabled: false, pageLoadStrategy: normal, platform: WINDOWS, platformName: WINDOWS, proxy: Proxy(), setWindowRect: true, strictFileInteractability: false, timeouts: {implicit: 0, pageLoad: 300000, script: 30000}, unhandledPromptBehavior: dismiss and notify, webauthn:virtualAuthenticators: true}\nSession ID: 9337613f7de81bf2d8e3aaaadbd3c9e2\n*** Element info: {Using\u003dcss selector, value\u003d.project-link}","stackTrace":[{"declaringClass":"co.com.test.tasks.Busca","methodName":"performAs","fileName":"Busca.java","lineNumber":30},{"declaringClass":"co.com.test.stepdefinitions.AuditoriaStepDefinitions","methodName":"buscaElRepositorio","fileName":"AuditoriaStepDefinitions.java","lineNumber":29},{"declaringClass":"cucumber.runner.Runner","methodName":"runPickle","fileName":"Runner.java","lineNumber":80}]}}},"result":"FAILURE","precondition":false}]},{"number":10,"description":"Perform as: lider","duration":6,"startTime":"2020-07-21T08:07:48.487-05:00[America/Bogota]","exception":{"errorType":"net.thucydides.core.webdriver.exceptions.ElementShouldBeEnabledException","message":"The following error occurred: Expected enabled element was not enabled","stackTrace":[{"declaringClass":"co.com.test.tasks.Busca","methodName":"performAs","fileName":"Busca.java","lineNumber":30},{"declaringClass":"co.com.test.stepdefinitions.AuditoriaStepDefinitions","methodName":"buscaElRepositorio","fileName":"AuditoriaStepDefinitions.java","lineNumber":29},{"declaringClass":"cucumber.runner.Runner","methodName":"runPickle","fileName":"Runner.java","lineNumber":80}],"rootCause":{"errorType":"org.openqa.selenium.TimeoutException","message":"Expected condition failed: waiting for By.cssSelector: .project-link to be enabled (tried for 5 second(s) with 100 milliseconds interval)","stackTrace":[{"declaringClass":"co.com.test.tasks.Busca","methodName":"performAs","fileName":"Busca.java","lineNumber":30},{"declaringClass":"co.com.test.stepdefinitions.AuditoriaStepDefinitions","methodName":"buscaElRepositorio","fileName":"AuditoriaStepDefinitions.java","lineNumber":29},{"declaringClass":"cucumber.runner.Runner","methodName":"runPickle","fileName":"Runner.java","lineNumber":80}],"rootCause":{"errorType":"org.openqa.selenium.NoSuchElementException","message":"no such element: Unable to locate element: {\"method\":\"css selector\",\"selector\":\".project-link\"}\n  (Session info: chrome\u003d83.0.4103.106)\nFor documentation on this error, please visit: http://seleniumhq.org/exceptions/no_such_element.html\nBuild info: version: \u00273.11.0\u0027, revision: \u0027e59cfb3\u0027, time: \u00272018-03-11T20:26:55.152Z\u0027\nSystem info: host: \u0027CHMEPPF0G82H8\u0027, ip: \u0027192.168.1.9\u0027, os.name: \u0027Windows 10\u0027, os.arch: \u0027amd64\u0027, os.version: \u002710.0\u0027, java.version: \u00271.8.0_211\u0027\nDriver info: org.openqa.selenium.remote.RemoteWebDriver\nCapabilities {acceptInsecureCerts: false, browserName: chrome, browserVersion: 83.0.4103.106, chrome: {chromedriverVersion: 83.0.4103.14 (be04594a2b841..., userDataDir: C:\\Users\\SLONDO~1\\AppData\\L...}, goog:chromeOptions: {debuggerAddress: localhost:54077}, javascriptEnabled: true, networkConnectionEnabled: false, pageLoadStrategy: normal, platform: WINDOWS, platformName: WINDOWS, proxy: Proxy(), setWindowRect: true, strictFileInteractability: false, timeouts: {implicit: 0, pageLoad: 300000, script: 30000}, unhandledPromptBehavior: dismiss and notify, webauthn:virtualAuthenticators: true}\nSession ID: 9337613f7de81bf2d8e3aaaadbd3c9e2\n*** Element info: {Using\u003dcss selector, value\u003d.project-link}","stackTrace":[{"declaringClass":"co.com.test.tasks.Busca","methodName":"performAs","fileName":"Busca.java","lineNumber":30},{"declaringClass":"co.com.test.stepdefinitions.AuditoriaStepDefinitions","methodName":"buscaElRepositorio","fileName":"AuditoriaStepDefinitions.java","lineNumber":29},{"declaringClass":"cucumber.runner.Runner","methodName":"runPickle","fileName":"Runner.java","lineNumber":80}]}}},"result":"FAILURE","precondition":false},{"number":11,"description":"Then el deberia ver que si exista el repo NU0005001_ContenedorDeAplicaciones_Test","duration":1,"startTime":"2020-07-21T08:07:48.503-05:00[America/Bogota]","result":"SKIPPED","precondition":false}],"userStory":{"id":"automatizar-la-auditoria-de-un-analista","storyName":"automatizar la auditoria de un analista","path":"src/test/resources/features/auditoria.feature","type":"feature"},"featureTag":{"name":"Features/automatizar la auditoria de un analista","type":"feature"},"title":"Existencia del repositorio","tags":[{"name":"Automatizar la auditoria de un analista","type":"feature"},{"name":"Auditoria","type":"tag"},{"name":"Repositorio","type":"tag"}],"startTime":"2020-07-21T08:06:41.995-05:00[America/Bogota]","duration":68060,"testFailureCause":{"errorType":"net.thucydides.core.webdriver.exceptions.ElementShouldBeEnabledException","message":"The following error occurred: Expected enabled element was not enabled","stackTrace":[{"declaringClass":"co.com.test.tasks.Busca","methodName":"performAs","fileName":"Busca.java","lineNumber":30},{"declaringClass":"co.com.test.stepdefinitions.AuditoriaStepDefinitions","methodName":"buscaElRepositorio","fileName":"AuditoriaStepDefinitions.java","lineNumber":29},{"declaringClass":"cucumber.runner.Runner","methodName":"runPickle","fileName":"Runner.java","lineNumber":80}],"rootCause":{"errorType":"org.openqa.selenium.TimeoutException","message":"Expected condition failed: waiting for By.cssSelector: .project-link to be enabled (tried for 5 second(s) with 100 milliseconds interval)","stackTrace":[{"declaringClass":"co.com.test.tasks.Busca","methodName":"performAs","fileName":"Busca.java","lineNumber":30},{"declaringClass":"co.com.test.stepdefinitions.AuditoriaStepDefinitions","methodName":"buscaElRepositorio","fileName":"AuditoriaStepDefinitions.java","lineNumber":29},{"declaringClass":"cucumber.runner.Runner","methodName":"runPickle","fileName":"Runner.java","lineNumber":80}],"rootCause":{"errorType":"org.openqa.selenium.NoSuchElementException","message":"no such element: Unable to locate element: {\"method\":\"css selector\",\"selector\":\".project-link\"}\n  (Session info: chrome\u003d83.0.4103.106)\nFor documentation on this error, please visit: http://seleniumhq.org/exceptions/no_such_element.html\nBuild info: version: \u00273.11.0\u0027, revision: \u0027e59cfb3\u0027, time: \u00272018-03-11T20:26:55.152Z\u0027\nSystem info: host: \u0027CHMEPPF0G82H8\u0027, ip: \u0027192.168.1.9\u0027, os.name: \u0027Windows 10\u0027, os.arch: \u0027amd64\u0027, os.version: \u002710.0\u0027, java.version: \u00271.8.0_211\u0027\nDriver info: org.openqa.selenium.remote.RemoteWebDriver\nCapabilities {acceptInsecureCerts: false, browserName: chrome, browserVersion: 83.0.4103.106, chrome: {chromedriverVersion: 83.0.4103.14 (be04594a2b841..., userDataDir: C:\\Users\\SLONDO~1\\AppData\\L...}, goog:chromeOptions: {debuggerAddress: localhost:54077}, javascriptEnabled: true, networkConnectionEnabled: false, pageLoadStrategy: normal, platform: WINDOWS, platformName: WINDOWS, proxy: Proxy(), setWindowRect: true, strictFileInteractability: false, timeouts: {implicit: 0, pageLoad: 300000, script: 30000}, unhandledPromptBehavior: dismiss and notify, webauthn:virtualAuthenticators: true}\nSession ID: 9337613f7de81bf2d8e3aaaadbd3c9e2\n*** Element info: {Using\u003dcss selector, value\u003d.project-link}","stackTrace":[{"declaringClass":"co.com.test.tasks.Busca","methodName":"performAs","fileName":"Busca.java","lineNumber":30},{"declaringClass":"co.com.test.stepdefinitions.AuditoriaStepDefinitions","methodName":"buscaElRepositorio","fileName":"AuditoriaStepDefinitions.java","lineNumber":29},{"declaringClass":"cucumber.runner.Runner","methodName":"runPickle","fileName":"Runner.java","lineNumber":80}]}}},"testFailureClassname":"net.thucydides.core.webdriver.exceptions.ElementShouldBeEnabledException","testFailureMessage":"The following error occurred: Expected enabled element was not enabled","testFailureSummary":"FAILURE;net.thucydides.core.webdriver.exceptions.ElementShouldBeEnabledException;The following error occurred: Expected enabled element was not enabled;Busca.java","projectKey":"","annotatedResult":"FAILURE","sessionId":"9337613f7de81bf2d8e3aaaadbd3c9e2","driver":"chrome:lider","manual":false,"testSource":"Cucumber","result":"FAILURE"}