{"name":"Nombramiendo adecuado repositorio","id":"automatizar-la-auditoria-de-un-analista;nombramiendo-adecuado-repositorio","testSteps":[{"number":1,"description":"Given que el lider ingresa en VSTS\r\n| usuario | contrasena |\r\n| yearias@bancolombia.com.co | ZXCVBzxcvb2846* |","duration":38049,"startTime":"2020-07-21T09:26:07.257-05:00[America/Bogota]","screenshots":[{"screenshot":"13da10ec710ea08600dabaf7d5b1fc70221ff2921961570cd872cc711d55986f.png"}],"result":"SUCCESS","precondition":false,"children":[{"number":2,"description":"lider opens the Vsts page","duration":30472,"startTime":"2020-07-21T09:26:07.873-05:00[America/Bogota]","screenshots":[{"screenshot":"263f29c9040d19115b02cf3ce29234a115abab010d3ff1d2278d2f2ef9fdade1.png"}],"result":"SUCCESS","precondition":false},{"number":3,"description":"lider enters \u0027yearias@bancolombia.com.co\u0027 into Usuario","duration":934,"startTime":"2020-07-21T09:26:38.448-05:00[America/Bogota]","screenshots":[{"screenshot":"0928060e906879b8c65ccddede66e16fd23d423b645c2bf93ccf87b133472fd8.png"}],"result":"SUCCESS","precondition":false},{"number":4,"description":"lider clicks on Boton siguiente","duration":647,"startTime":"2020-07-21T09:26:39.386-05:00[America/Bogota]","screenshots":[{"screenshot":"47b0c7aaafbd3c0dd2638406db182abadd2184f6cec215013f80dbde8d793f7e.png"}],"result":"SUCCESS","precondition":false},{"number":5,"description":"lider enters \u0027ZXCVBzxcvb2846*\u0027 into Contrase√±a","duration":898,"startTime":"2020-07-21T09:26:40.945-05:00[America/Bogota]","screenshots":[{"screenshot":"6ce9ad808a93175954ad1ca4e6b5c01000f3fb3c654123cccf616a721c1fd7b8.png"}],"result":"SUCCESS","precondition":false},{"number":6,"description":"lider clicks on Iniciar sesion","duration":1341,"startTime":"2020-07-21T09:26:41.845-05:00[America/Bogota]","screenshots":[{"screenshot":"d7a0b9be4ee5032c5b2dbca74dba6461345b90fb008b3ec72bfcc1d218863c45.png"}],"result":"SUCCESS","precondition":false},{"number":7,"description":"lider clicks on boton para no volver a mostrar ventana","duration":1579,"startTime":"2020-07-21T09:26:43.378-05:00[America/Bogota]","screenshots":[{"screenshot":"5948a8141d468636899cd718116d9742618c9139bb0425fd7177ba738977b3cb.png"}],"result":"SUCCESS","precondition":false}]},{"number":8,"description":"When busca el repositorio NU0005001_ContenedorDeAplicaciones_Test","duration":10531,"startTime":"2020-07-21T09:26:45.306-05:00[America/Bogota]","exception":{"errorType":"net.thucydides.core.webdriver.exceptions.ElementShouldBeEnabledException","message":"The following error occurred: Expected enabled element was not enabled","stackTrace":[{"declaringClass":"co.com.test.tasks.Busca","methodName":"performAs","fileName":"Busca.java","lineNumber":30},{"declaringClass":"co.com.test.stepdefinitions.AuditoriaStepDefinitions","methodName":"buscaElRepositorio","fileName":"AuditoriaStepDefinitions.java","lineNumber":29},{"declaringClass":"cucumber.runner.Runner","methodName":"runPickle","fileName":"Runner.java","lineNumber":80}],"rootCause":{"errorType":"org.openqa.selenium.TimeoutException","message":"Expected condition failed: waiting for By.cssSelector: .project-link to be enabled (tried for 5 second(s) with 100 milliseconds interval)","stackTrace":[{"declaringClass":"co.com.test.tasks.Busca","methodName":"performAs","fileName":"Busca.java","lineNumber":30},{"declaringClass":"co.com.test.stepdefinitions.AuditoriaStepDefinitions","methodName":"buscaElRepositorio","fileName":"AuditoriaStepDefinitions.java","lineNumber":29},{"declaringClass":"cucumber.runner.Runner","methodName":"runPickle","fileName":"Runner.java","lineNumber":80}],"rootCause":{"errorType":"org.openqa.selenium.NoSuchElementException","message":"no such element: Unable to locate element: {\"method\":\"css selector\",\"selector\":\".project-link\"}\n  (Session info: chrome\u003d83.0.4103.106)\nFor documentation on this error, please visit: http://seleniumhq.org/exceptions/no_such_element.html\nBuild info: version: \u00273.11.0\u0027, revision: \u0027e59cfb3\u0027, time: \u00272018-03-11T20:26:55.152Z\u0027\nSystem info: host: \u0027CHMEPPF0G82H8\u0027, ip: \u0027192.168.1.9\u0027, os.name: \u0027Windows 10\u0027, os.arch: \u0027amd64\u0027, os.version: \u002710.0\u0027, java.version: \u00271.8.0_211\u0027\nDriver info: org.openqa.selenium.remote.RemoteWebDriver\nCapabilities {acceptInsecureCerts: false, browserName: chrome, browserVersion: 83.0.4103.106, chrome: {chromedriverVersion: 83.0.4103.14 (be04594a2b841..., userDataDir: C:\\Users\\SLONDO~1\\AppData\\L...}, goog:chromeOptions: {debuggerAddress: localhost:56656}, javascriptEnabled: true, networkConnectionEnabled: false, pageLoadStrategy: normal, platform: WINDOWS, platformName: WINDOWS, proxy: Proxy(), setWindowRect: true, strictFileInteractability: false, timeouts: {implicit: 0, pageLoad: 300000, script: 30000}, unhandledPromptBehavior: dismiss and notify, webauthn:virtualAuthenticators: true}\nSession ID: 12ecac8161bc9450d71d2a8582fabdaf\n*** Element info: {Using\u003dcss selector, value\u003d.project-link}","stackTrace":[{"declaringClass":"co.com.test.tasks.Busca","methodName":"performAs","fileName":"Busca.java","lineNumber":30},{"declaringClass":"co.com.test.stepdefinitions.AuditoriaStepDefinitions","methodName":"buscaElRepositorio","fileName":"AuditoriaStepDefinitions.java","lineNumber":29},{"declaringClass":"cucumber.runner.Runner","methodName":"runPickle","fileName":"Runner.java","lineNumber":80}]}}},"result":"FAILURE","precondition":false,"children":[{"number":9,"description":"lider clicks on Vicepresidencia","duration":10499,"startTime":"2020-07-21T09:26:45.333-05:00[America/Bogota]","screenshots":[{"screenshot":"93cc7995f6563fa10f4b27f0649cc8244fb4d33bda12a4b02bdb428b239245a5.png","htmlSource":"pagesource965922723573477930.html.txt"}],"exception":{"errorType":"net.thucydides.core.webdriver.exceptions.ElementShouldBeEnabledException","message":"The following error occurred: Expected enabled element was not enabled","stackTrace":[{"declaringClass":"co.com.test.tasks.Busca","methodName":"performAs","fileName":"Busca.java","lineNumber":30},{"declaringClass":"co.com.test.stepdefinitions.AuditoriaStepDefinitions","methodName":"buscaElRepositorio","fileName":"AuditoriaStepDefinitions.java","lineNumber":29},{"declaringClass":"cucumber.runner.Runner","methodName":"runPickle","fileName":"Runner.java","lineNumber":80}],"rootCause":{"errorType":"org.openqa.selenium.TimeoutException","message":"Expected condition failed: waiting for By.cssSelector: .project-link to be enabled (tried for 5 second(s) with 100 milliseconds interval)","stackTrace":[{"declaringClass":"co.com.test.tasks.Busca","methodName":"performAs","fileName":"Busca.java","lineNumber":30},{"declaringClass":"co.com.test.stepdefinitions.AuditoriaStepDefinitions","methodName":"buscaElRepositorio","fileName":"AuditoriaStepDefinitions.java","lineNumber":29},{"declaringClass":"cucumber.runner.Runner","methodName":"runPickle","fileName":"Runner.java","lineNumber":80}],"rootCause":{"errorType":"org.openqa.selenium.NoSuchElementException","message":"no such element: Unable to locate element: {\"method\":\"css selector\",\"selector\":\".project-link\"}\n  (Session info: chrome\u003d83.0.4103.106)\nFor documentation on this error, please visit: http://seleniumhq.org/exceptions/no_such_element.html\nBuild info: version: \u00273.11.0\u0027, revision: \u0027e59cfb3\u0027, time: \u00272018-03-11T20:26:55.152Z\u0027\nSystem info: host: \u0027CHMEPPF0G82H8\u0027, ip: \u0027192.168.1.9\u0027, os.name: \u0027Windows 10\u0027, os.arch: \u0027amd64\u0027, os.version: \u002710.0\u0027, java.version: \u00271.8.0_211\u0027\nDriver info: org.openqa.selenium.remote.RemoteWebDriver\nCapabilities {acceptInsecureCerts: false, browserName: chrome, browserVersion: 83.0.4103.106, chrome: {chromedriverVersion: 83.0.4103.14 (be04594a2b841..., userDataDir: C:\\Users\\SLONDO~1\\AppData\\L...}, goog:chromeOptions: {debuggerAddress: localhost:56656}, javascriptEnabled: true, networkConnectionEnabled: false, pageLoadStrategy: normal, platform: WINDOWS, platformName: WINDOWS, proxy: Proxy(), setWindowRect: true, strictFileInteractability: false, timeouts: {implicit: 0, pageLoad: 300000, script: 30000}, unhandledPromptBehavior: dismiss and notify, webauthn:virtualAuthenticators: true}\nSession ID: 12ecac8161bc9450d71d2a8582fabdaf\n*** Element info: {Using\u003dcss selector, value\u003d.project-link}","stackTrace":[{"declaringClass":"co.com.test.tasks.Busca","methodName":"performAs","fileName":"Busca.java","lineNumber":30},{"declaringClass":"co.com.test.stepdefinitions.AuditoriaStepDefinitions","methodName":"buscaElRepositorio","fileName":"AuditoriaStepDefinitions.java","lineNumber":29},{"declaringClass":"cucumber.runner.Runner","methodName":"runPickle","fileName":"Runner.java","lineNumber":80}]}}},"result":"FAILURE","precondition":false}]},{"number":10,"description":"Perform as: lider","duration":8,"startTime":"2020-07-21T09:26:55.838-05:00[America/Bogota]","exception":{"errorType":"net.thucydides.core.webdriver.exceptions.ElementShouldBeEnabledException","message":"The following error occurred: Expected enabled element was not enabled","stackTrace":[{"declaringClass":"co.com.test.tasks.Busca","methodName":"performAs","fileName":"Busca.java","lineNumber":30},{"declaringClass":"co.com.test.stepdefinitions.AuditoriaStepDefinitions","methodName":"buscaElRepositorio","fileName":"AuditoriaStepDefinitions.java","lineNumber":29},{"declaringClass":"cucumber.runner.Runner","methodName":"runPickle","fileName":"Runner.java","lineNumber":80}],"rootCause":{"errorType":"org.openqa.selenium.TimeoutException","message":"Expected condition failed: waiting for By.cssSelector: .project-link to be enabled (tried for 5 second(s) with 100 milliseconds interval)","stackTrace":[{"declaringClass":"co.com.test.tasks.Busca","methodName":"performAs","fileName":"Busca.java","lineNumber":30},{"declaringClass":"co.com.test.stepdefinitions.AuditoriaStepDefinitions","methodName":"buscaElRepositorio","fileName":"AuditoriaStepDefinitions.java","lineNumber":29},{"declaringClass":"cucumber.runner.Runner","methodName":"runPickle","fileName":"Runner.java","lineNumber":80}],"rootCause":{"errorType":"org.openqa.selenium.NoSuchElementException","message":"no such element: Unable to locate element: {\"method\":\"css selector\",\"selector\":\".project-link\"}\n  (Session info: chrome\u003d83.0.4103.106)\nFor documentation on this error, please visit: http://seleniumhq.org/exceptions/no_such_element.html\nBuild info: version: \u00273.11.0\u0027, revision: \u0027e59cfb3\u0027, time: \u00272018-03-11T20:26:55.152Z\u0027\nSystem info: host: \u0027CHMEPPF0G82H8\u0027, ip: \u0027192.168.1.9\u0027, os.name: \u0027Windows 10\u0027, os.arch: \u0027amd64\u0027, os.version: \u002710.0\u0027, java.version: \u00271.8.0_211\u0027\nDriver info: org.openqa.selenium.remote.RemoteWebDriver\nCapabilities {acceptInsecureCerts: false, browserName: chrome, browserVersion: 83.0.4103.106, chrome: {chromedriverVersion: 83.0.4103.14 (be04594a2b841..., userDataDir: C:\\Users\\SLONDO~1\\AppData\\L...}, goog:chromeOptions: {debuggerAddress: localhost:56656}, javascriptEnabled: true, networkConnectionEnabled: false, pageLoadStrategy: normal, platform: WINDOWS, platformName: WINDOWS, proxy: Proxy(), setWindowRect: true, strictFileInteractability: false, timeouts: {implicit: 0, pageLoad: 300000, script: 30000}, unhandledPromptBehavior: dismiss and notify, webauthn:virtualAuthenticators: true}\nSession ID: 12ecac8161bc9450d71d2a8582fabdaf\n*** Element info: {Using\u003dcss selector, value\u003d.project-link}","stackTrace":[{"declaringClass":"co.com.test.tasks.Busca","methodName":"performAs","fileName":"Busca.java","lineNumber":30},{"declaringClass":"co.com.test.stepdefinitions.AuditoriaStepDefinitions","methodName":"buscaElRepositorio","fileName":"AuditoriaStepDefinitions.java","lineNumber":29},{"declaringClass":"cucumber.runner.Runner","methodName":"runPickle","fileName":"Runner.java","lineNumber":80}]}}},"result":"FAILURE","precondition":false},{"number":11,"description":"Then el deberia ver que tenga el nombramiento adecuado","duration":1,"startTime":"2020-07-21T09:26:55.854-05:00[America/Bogota]","result":"SKIPPED","precondition":false}],"userStory":{"id":"automatizar-la-auditoria-de-un-analista","storyName":"automatizar la auditoria de un analista","path":"src/test/resources/features/auditoria.feature","type":"feature"},"featureTag":{"name":"Features/automatizar la auditoria de un analista","type":"feature"},"title":"Nombramiendo adecuado repositorio","tags":[{"name":"Automatizar la auditoria de un analista","type":"feature"},{"name":"Auditoria","type":"tag"},{"name":"NombramientoRepo","type":"tag"}],"startTime":"2020-07-21T09:26:05.973-05:00[America/Bogota]","duration":51965,"testFailureCause":{"errorType":"net.thucydides.core.webdriver.exceptions.ElementShouldBeEnabledException","message":"The following error occurred: Expected enabled element was not enabled","stackTrace":[{"declaringClass":"co.com.test.tasks.Busca","methodName":"performAs","fileName":"Busca.java","lineNumber":30},{"declaringClass":"co.com.test.stepdefinitions.AuditoriaStepDefinitions","methodName":"buscaElRepositorio","fileName":"AuditoriaStepDefinitions.java","lineNumber":29},{"declaringClass":"cucumber.runner.Runner","methodName":"runPickle","fileName":"Runner.java","lineNumber":80}],"rootCause":{"errorType":"org.openqa.selenium.TimeoutException","message":"Expected condition failed: waiting for By.cssSelector: .project-link to be enabled (tried for 5 second(s) with 100 milliseconds interval)","stackTrace":[{"declaringClass":"co.com.test.tasks.Busca","methodName":"performAs","fileName":"Busca.java","lineNumber":30},{"declaringClass":"co.com.test.stepdefinitions.AuditoriaStepDefinitions","methodName":"buscaElRepositorio","fileName":"AuditoriaStepDefinitions.java","lineNumber":29},{"declaringClass":"cucumber.runner.Runner","methodName":"runPickle","fileName":"Runner.java","lineNumber":80}],"rootCause":{"errorType":"org.openqa.selenium.NoSuchElementException","message":"no such element: Unable to locate element: {\"method\":\"css selector\",\"selector\":\".project-link\"}\n  (Session info: chrome\u003d83.0.4103.106)\nFor documentation on this error, please visit: http://seleniumhq.org/exceptions/no_such_element.html\nBuild info: version: \u00273.11.0\u0027, revision: \u0027e59cfb3\u0027, time: \u00272018-03-11T20:26:55.152Z\u0027\nSystem info: host: \u0027CHMEPPF0G82H8\u0027, ip: \u0027192.168.1.9\u0027, os.name: \u0027Windows 10\u0027, os.arch: \u0027amd64\u0027, os.version: \u002710.0\u0027, java.version: \u00271.8.0_211\u0027\nDriver info: org.openqa.selenium.remote.RemoteWebDriver\nCapabilities {acceptInsecureCerts: false, browserName: chrome, browserVersion: 83.0.4103.106, chrome: {chromedriverVersion: 83.0.4103.14 (be04594a2b841..., userDataDir: C:\\Users\\SLONDO~1\\AppData\\L...}, goog:chromeOptions: {debuggerAddress: localhost:56656}, javascriptEnabled: true, networkConnectionEnabled: false, pageLoadStrategy: normal, platform: WINDOWS, platformName: WINDOWS, proxy: Proxy(), setWindowRect: true, strictFileInteractability: false, timeouts: {implicit: 0, pageLoad: 300000, script: 30000}, unhandledPromptBehavior: dismiss and notify, webauthn:virtualAuthenticators: true}\nSession ID: 12ecac8161bc9450d71d2a8582fabdaf\n*** Element info: {Using\u003dcss selector, value\u003d.project-link}","stackTrace":[{"declaringClass":"co.com.test.tasks.Busca","methodName":"performAs","fileName":"Busca.java","lineNumber":30},{"declaringClass":"co.com.test.stepdefinitions.AuditoriaStepDefinitions","methodName":"buscaElRepositorio","fileName":"AuditoriaStepDefinitions.java","lineNumber":29},{"declaringClass":"cucumber.runner.Runner","methodName":"runPickle","fileName":"Runner.java","lineNumber":80}]}}},"testFailureClassname":"net.thucydides.core.webdriver.exceptions.ElementShouldBeEnabledException","testFailureMessage":"The following error occurred: Expected enabled element was not enabled","testFailureSummary":"FAILURE;net.thucydides.core.webdriver.exceptions.ElementShouldBeEnabledException;The following error occurred: Expected enabled element was not enabled;Busca.java","projectKey":"","annotatedResult":"FAILURE","sessionId":"12ecac8161bc9450d71d2a8582fabdaf","driver":"chrome:lider","manual":false,"testSource":"Cucumber","result":"FAILURE"}